<?xml version="1.0" encoding="UTF-8"?>
<!-- Generated by org.testng.reporters.JUnitReportReporter -->
<testsuite hostname="Decorists-MacBook-Pro.local" failures="0" tests="2" name="Tests.TestOne" time="26.336" errors="0" timestamp="2022-05-28T14:45:06 IST" skipped="0">
  <testcase classname="Tests.TestOne" name="FirstTest" time="8.976"/>
  <system-out/>
  <testcase classname="Tests.TestOne" name="SecondTest" time="17.360"/>
  <system-out/>
</testsuite> <!-- Tests.TestOne -->
