<?xml version="1.0" encoding="UTF-8"?>
<!-- Generated by org.testng.reporters.JUnitReportReporter -->
<testsuite hostname="Lucifer" failures="0" tests="1" name="Tests.LoginTest" time="6.889" errors="0" timestamp="2021-03-01T01:35:07 IST" skipped="0">
  <testcase classname="Tests.LoginTest" name="TestLoginWithValidData" time="6.889"/>
  <system-out/>
</testsuite> <!-- Tests.LoginTest -->
